2024-08-18 13:59:06 INFO  TC_001_AccountRegistrationTest:15 - ***** Starting TC001_AccountRegistrationTest  ****
2024-08-18 13:59:08 INFO  TC_001_AccountRegistrationTest:21 - Clicked on MyAccount Link.. 
2024-08-18 13:59:09 INFO  TC_001_AccountRegistrationTest:23 - Clicked on Register Link.. 
2024-08-18 13:59:09 INFO  TC_001_AccountRegistrationTest:27 - Providing customer details...
2024-08-18 13:59:12 INFO  TC_001_AccountRegistrationTest:41 - Validating expected message..
2024-08-18 13:59:12 INFO  TC_001_AccountRegistrationTest:46 - Test passed
2024-08-18 13:59:12 INFO  TC_001_AccountRegistrationTest:55 - ***** Finished TC001_AccountRegistrationTest *****
2024-08-18 13:59:16 INFO  TC_002_LoginTest:15 - **** Starting TC_003_LoginDDT *****
2024-08-18 13:59:17 INFO  TC_002_LoginTest:20 - Clicked on MyAccount Link.. 
2024-08-18 13:59:18 INFO  TC_002_LoginTest:22 - Clicked on Register Link.. 
2024-08-18 13:59:18 INFO  TC_002_LoginTest:25 - Entering valid email and password..
2024-08-18 13:59:19 INFO  TC_002_LoginTest:29 - clicked on ligin button..
2024-08-18 13:59:33 INFO  TC_001_AccountRegistrationTest:15 - ***** Starting TC001_AccountRegistrationTest  ****
2024-08-18 13:59:33 INFO  TC_001_AccountRegistrationTest:21 - Clicked on MyAccount Link.. 
2024-08-18 13:59:34 INFO  TC_001_AccountRegistrationTest:23 - Clicked on Register Link.. 
2024-08-18 13:59:34 INFO  TC_001_AccountRegistrationTest:27 - Providing customer details...
2024-08-18 13:59:36 INFO  TC_001_AccountRegistrationTest:41 - Validating expected message..
2024-08-18 13:59:36 INFO  TC_001_AccountRegistrationTest:46 - Test passed
2024-08-18 13:59:36 INFO  TC_001_AccountRegistrationTest:55 - ***** Finished TC001_AccountRegistrationTest *****
2024-08-18 13:59:46 INFO  TC_002_LoginTest:15 - **** Starting TC_003_LoginDDT *****
2024-08-18 13:59:46 INFO  TC_002_LoginTest:20 - Clicked on MyAccount Link.. 
2024-08-18 13:59:47 INFO  TC_002_LoginTest:22 - Clicked on Register Link.. 
2024-08-18 13:59:47 INFO  TC_002_LoginTest:25 - Entering valid email and password..
2024-08-18 13:59:48 INFO  TC_002_LoginTest:29 - clicked on ligin button..
2024-08-18 14:45:42 INFO  TC_001_AccountRegistrationTest:15 - ***** Starting TC001_AccountRegistrationTest  ****
2024-08-18 14:45:43 INFO  TC_001_AccountRegistrationTest:21 - Clicked on MyAccount Link.. 
2024-08-18 14:45:43 INFO  TC_001_AccountRegistrationTest:23 - Clicked on Register Link.. 
2024-08-18 14:45:43 INFO  TC_001_AccountRegistrationTest:27 - Providing customer details...
2024-08-18 14:45:45 INFO  TC_001_AccountRegistrationTest:41 - Validating expected message..
2024-08-18 14:45:45 INFO  TC_001_AccountRegistrationTest:46 - Test passed
2024-08-18 14:45:45 INFO  TC_001_AccountRegistrationTest:55 - ***** Finished TC001_AccountRegistrationTest *****
2024-08-18 14:45:48 INFO  TC_002_LoginTest:15 - **** Starting TC_003_LoginDDT *****
2024-08-18 14:45:49 INFO  TC_002_LoginTest:20 - Clicked on MyAccount Link.. 
2024-08-18 14:45:49 INFO  TC_002_LoginTest:22 - Clicked on Register Link.. 
2024-08-18 14:45:49 INFO  TC_002_LoginTest:25 - Entering valid email and password..
2024-08-18 14:45:50 INFO  TC_002_LoginTest:29 - clicked on ligin button..
2024-08-18 14:45:55 INFO  TC_003_LoginDDT:26 - **** Starting TC_003_LoginDDT *****
2024-08-18 14:45:57 INFO  TC_003_LoginDDT:76 - **** Finished TC_003_LoginDDT *****
2024-08-18 14:45:57 INFO  TC_003_LoginDDT:26 - **** Starting TC_003_LoginDDT *****
2024-08-18 14:45:59 INFO  TC_003_LoginDDT:26 - **** Starting TC_003_LoginDDT *****
2024-08-18 14:46:02 INFO  TC_003_LoginDDT:26 - **** Starting TC_003_LoginDDT *****
2024-08-18 14:46:13 INFO  TC_003_LoginDDT:76 - **** Finished TC_003_LoginDDT *****
2024-08-18 14:46:13 INFO  TC_003_LoginDDT:26 - **** Starting TC_003_LoginDDT *****
2024-08-18 14:46:17 INFO  TC_003_LoginDDT:76 - **** Finished TC_003_LoginDDT *****
2024-08-18 14:48:42 INFO  TC_001_AccountRegistrationTest:15 - ***** Starting TC001_AccountRegistrationTest  ****
2024-08-18 14:48:42 INFO  TC_001_AccountRegistrationTest:21 - Clicked on MyAccount Link.. 
2024-08-18 14:48:43 INFO  TC_001_AccountRegistrationTest:23 - Clicked on Register Link.. 
2024-08-18 14:48:43 INFO  TC_001_AccountRegistrationTest:27 - Providing customer details...
2024-08-18 14:48:45 INFO  TC_001_AccountRegistrationTest:41 - Validating expected message..
2024-08-18 14:48:45 INFO  TC_001_AccountRegistrationTest:46 - Test passed
2024-08-18 14:48:45 INFO  TC_001_AccountRegistrationTest:55 - ***** Finished TC001_AccountRegistrationTest *****
2024-08-18 14:48:48 INFO  TC_002_LoginTest:15 - **** Starting TC_003_LoginDDT *****
2024-08-18 14:48:48 INFO  TC_002_LoginTest:20 - Clicked on MyAccount Link.. 
2024-08-18 14:48:48 INFO  TC_002_LoginTest:22 - Clicked on Register Link.. 
2024-08-18 14:48:48 INFO  TC_002_LoginTest:25 - Entering valid email and password..
2024-08-18 14:48:49 INFO  TC_002_LoginTest:29 - clicked on ligin button..
2024-08-18 15:36:13 INFO  TC_001_AccountRegistrationTest:15 - ***** Starting TC001_AccountRegistrationTest  ****
2024-08-18 15:36:15 INFO  TC_001_AccountRegistrationTest:21 - Clicked on MyAccount Link.. 
2024-08-18 15:36:16 INFO  TC_001_AccountRegistrationTest:23 - Clicked on Register Link.. 
2024-08-18 15:36:16 INFO  TC_001_AccountRegistrationTest:27 - Providing customer details...
2024-08-18 15:36:18 INFO  TC_001_AccountRegistrationTest:41 - Validating expected message..
2024-08-18 15:36:18 INFO  TC_001_AccountRegistrationTest:46 - Test passed
2024-08-18 15:36:18 INFO  TC_001_AccountRegistrationTest:55 - ***** Finished TC001_AccountRegistrationTest *****
2024-08-18 15:36:23 INFO  TC_002_LoginTest:15 - **** Starting TC_003_LoginDDT *****
2024-08-18 15:36:24 INFO  TC_002_LoginTest:20 - Clicked on MyAccount Link.. 
2024-08-18 15:36:24 INFO  TC_002_LoginTest:22 - Clicked on Register Link.. 
2024-08-18 15:36:24 INFO  TC_002_LoginTest:25 - Entering valid email and password..
2024-08-18 15:36:27 INFO  TC_002_LoginTest:29 - clicked on ligin button..
2024-08-18 16:15:57 INFO  TC_001_AccountRegistrationTest:15 - ***** Starting TC001_AccountRegistrationTest  ****
2024-08-18 16:15:59 INFO  TC_001_AccountRegistrationTest:21 - Clicked on MyAccount Link.. 
2024-08-18 16:16:00 INFO  TC_001_AccountRegistrationTest:23 - Clicked on Register Link.. 
2024-08-18 16:16:00 INFO  TC_001_AccountRegistrationTest:27 - Providing customer details...
2024-08-18 16:16:02 INFO  TC_001_AccountRegistrationTest:41 - Validating expected message..
2024-08-18 16:16:02 INFO  TC_001_AccountRegistrationTest:46 - Test passed
2024-08-18 16:16:02 INFO  TC_001_AccountRegistrationTest:55 - ***** Finished TC001_AccountRegistrationTest *****
2024-08-18 16:16:06 INFO  TC_002_LoginTest:15 - **** Starting TC_003_LoginDDT *****
2024-08-18 16:16:08 INFO  TC_002_LoginTest:20 - Clicked on MyAccount Link.. 
2024-08-18 16:16:08 INFO  TC_002_LoginTest:22 - Clicked on Register Link.. 
2024-08-18 16:16:08 INFO  TC_002_LoginTest:25 - Entering valid email and password..
2024-08-18 16:16:10 INFO  TC_002_LoginTest:29 - clicked on ligin button..
2024-08-18 16:25:44 INFO  TC_001_AccountRegistrationTest:15 - ***** Starting TC001_AccountRegistrationTest  ****
2024-08-18 16:25:45 INFO  TC_001_AccountRegistrationTest:21 - Clicked on MyAccount Link.. 
2024-08-18 16:25:46 INFO  TC_001_AccountRegistrationTest:23 - Clicked on Register Link.. 
2024-08-18 16:25:46 INFO  TC_001_AccountRegistrationTest:27 - Providing customer details...
2024-08-18 16:25:48 INFO  TC_001_AccountRegistrationTest:41 - Validating expected message..
2024-08-18 16:25:48 INFO  TC_001_AccountRegistrationTest:46 - Test passed
2024-08-18 16:25:48 INFO  TC_001_AccountRegistrationTest:55 - ***** Finished TC001_AccountRegistrationTest *****
2024-08-18 16:25:53 INFO  TC_002_LoginTest:15 - **** Starting TC_003_LoginDDT *****
2024-08-18 16:25:54 INFO  TC_002_LoginTest:20 - Clicked on MyAccount Link.. 
2024-08-18 16:25:54 INFO  TC_002_LoginTest:22 - Clicked on Register Link.. 
2024-08-18 16:25:54 INFO  TC_002_LoginTest:25 - Entering valid email and password..
2024-08-18 16:25:56 INFO  TC_002_LoginTest:29 - clicked on ligin button..
2024-08-18 16:31:26 INFO  TC_001_AccountRegistrationTest:15 - ***** Starting TC001_AccountRegistrationTest  ****
2024-08-18 16:31:27 INFO  TC_001_AccountRegistrationTest:21 - Clicked on MyAccount Link.. 
2024-08-18 16:31:28 INFO  TC_001_AccountRegistrationTest:23 - Clicked on Register Link.. 
2024-08-18 16:31:28 INFO  TC_001_AccountRegistrationTest:27 - Providing customer details...
2024-08-18 16:31:30 INFO  TC_001_AccountRegistrationTest:41 - Validating expected message..
2024-08-18 16:31:30 INFO  TC_001_AccountRegistrationTest:46 - Test passed
2024-08-18 16:31:30 INFO  TC_001_AccountRegistrationTest:55 - ***** Finished TC001_AccountRegistrationTest *****
2024-08-18 16:31:34 INFO  TC_002_LoginTest:15 - **** Starting TC_003_LoginDDT *****
2024-08-18 16:31:35 INFO  TC_002_LoginTest:20 - Clicked on MyAccount Link.. 
2024-08-18 16:31:36 INFO  TC_002_LoginTest:22 - Clicked on Register Link.. 
2024-08-18 16:31:36 INFO  TC_002_LoginTest:25 - Entering valid email and password..
2024-08-18 16:31:38 INFO  TC_002_LoginTest:29 - clicked on ligin button..
